\BOOKMARK [1][-]{section.1}{\376\377\000n\000a\000z\000n\000a\000\040\000k\000o\000m\000p\000l}{}% 1
\BOOKMARK [1][-]{section.2}{\376\377\004\035\004\060\004\067\004\075\004\060\004\107\004\065\004\075\004\070\004\065\000\040\004\032\004\076\004\074\004\077\004\073\004\065\004\072\004\101\004\060}{}% 2
\BOOKMARK [1][-]{section.3}{\376\377\000f\000u\000n\000k\000t\000\040\000k\000o\000m\000p\000l}{}% 3
\BOOKMARK [1][-]{section.4}{\376\377\004\044\004\103\004\075\004\072\004\106\004\070\004\070\000\040\004\032\004\076\004\074\004\077\004\073\004\065\004\072\004\101\004\060}{}% 4
\BOOKMARK [1][-]{section.5}{\376\377\000o\000b\000l\000a\000s\000\040\000p\000r\000i\000m\000e}{}% 5
\BOOKMARK [1][-]{section.6}{\376\377\004\036\004\061\004\073\004\060\004\101\004\102\004\114\000\040\004\077\004\100\004\070\004\074\004\065\004\075\004\065\004\075\004\070\004\117}{}% 6
\BOOKMARK [1][-]{section.7}{\376\377\000u\000s\000l\000o\000v\000\040\000p\000r\000i\000m\000e}{}% 7
\BOOKMARK [1][-]{section.8}{\376\377\004\043\004\101\004\073\004\076\004\062\004\070\004\117\000\040\004\077\004\100\004\070\004\074\004\065\004\075\004\065\004\075\004\070\004\117}{}% 8
\BOOKMARK [1][-]{section.9}{\376\377\000p\000e\000r\000e\000c\000\040\000d\000o\000k\000u\000m}{}% 9
\BOOKMARK [1][-]{section.10}{\376\377\004\037\004\065\004\100\004\065\004\107\004\065\004\075\004\114\000\040\004\064\004\076\004\072\004\103\004\074\004\065\004\075\004\102\004\060\004\106\004\070\004\070}{}% 10
\BOOKMARK [1][-]{section.11}{\376\377\000i\000n\000d\000e\000x}{}% 11
\BOOKMARK [1][-]{section.12}{\376\377\004\041\004\102\004\100\004\103\004\072\004\102\004\103\004\100\004\060\000\040\004\032\004\076\004\074\004\077\004\073\004\065\004\072\004\101\004\060}{}% 12
\BOOKMARK [1][-]{section.13}{\376\377\000i\000n\000d\000e\000x}{}% 13
\BOOKMARK [1][-]{section.14}{\376\377\004\043\004\101\004\102\004\060\004\075\004\076\004\062\004\072\004\060\000\040\004\070\000\040\004\075\004\060\004\101\004\102\004\100\004\076\004\071\004\072\004\060\000\040\004\032\004\076\004\074\004\077\004\073\004\065\004\072\004\101\004\060}{}% 14
\BOOKMARK [1][-]{section.15}{\376\377\000i\000n\000d\000e\000x}{}% 15
\BOOKMARK [1][-]{section.16}{\376\377\004\030\004\075\004\102\004\065\004\100\004\104\004\065\004\071\004\101\000\040\004\032\004\076\004\074\004\077\004\073\004\065\004\072\004\101\004\060}{}% 16
\BOOKMARK [1][-]{section.17}{\376\377\000d\000o\000s\000t\000u\000\040\000p\000o\000l\000z\000o\000\040\000i\000\040\000n\000a\000v\000i\000g}{}% 17
\BOOKMARK [1][-]{section.18}{\376\377\004\024\004\076\004\101\004\102\004\103\004\077\000\040\004\077\004\076\004\073\004\114\004\067\004\076\004\062\004\060\004\102\004\065\004\073\004\065\004\071\000\040\004\070\000\040\004\075\004\060\004\062\004\070\004\063\004\060\004\106\004\070\004\117\000\040\004\077\004\076\000\040\004\070\004\075\004\102\004\065\004\100\004\104\004\065\004\071\004\101\004\103}{}% 18
\BOOKMARK [2][-]{subsection.18.1}{\376\377\000:\000:\000s\000i\000g\000n\000-\000i\000m\000a\000g\000e}{section.18}% 19
\BOOKMARK [2][-]{subsection.18.2}{\376\377\000:\000:\000s\000i\000g\000n\000-\000i\000m\000a\000g\000e}{section.18}% 20
\BOOKMARK [2][-]{subsection.18.3}{\376\377\000:\000:\000s\000i\000g\000n\000-\000i\000m\000a\000g\000e}{section.18}% 21
\BOOKMARK [2][-]{subsection.18.4}{\376\377\000:\000:\000s\000i\000g\000n\000-\000i\000m\000a\000g\000e}{section.18}% 22
\BOOKMARK [1][-]{section.19}{\376\377\000p\000o\000i\000s\000k\000\040\000o\000b\000e\000k\000t}{}% 23
\BOOKMARK [1][-]{section.20}{\376\377\004\037\004\076\004\070\004\101\004\072\000\040\004\076\004\061\004\112\004\065\004\072\004\102\004\076\004\062}{}% 24
\BOOKMARK [2][-]{subsection.20.1}{\376\377\000:\000:\000s\000i\000g\000n\000-\000i\000m\000a\000g\000e}{section.20}% 25
\BOOKMARK [1][-]{section.21}{\376\377\000a\000v\000t\000o\000r\000\040\000v\000\040\000k\000o\000m\000p\000l}{}% 26
\BOOKMARK [1][-]{section.22}{\376\377\004\020\004\062\004\102\004\076\004\100\004\070\004\067\004\060\004\106\004\070\004\117\000\040\004\062\000\040\004\032\004\076\004\074\004\077\004\073\004\065\004\072\004\101\004\065}{}% 27
\BOOKMARK [2][-]{subsection.22.1}{\376\377\000:\000:\000s\000i\000g\000n\000-\000i\000m\000a\000g\000e}{section.22}% 28
\BOOKMARK [1][-]{section.23}{\376\377\000p\000r\000a\000v\000i\000\040\000v\000y\000p\000o\000l\000\040\000o\000p\000e\000r\000a}{}% 29
\BOOKMARK [1][-]{section.24}{\376\377\004\037\004\100\004\060\004\062\004\070\004\073\004\060\000\040\004\062\004\113\004\077\004\076\004\073\004\075\004\065\004\075\004\070\004\117\000\040\004\076\004\077\004\065\004\100\004\060\004\106\004\070\004\071}{}% 30
\BOOKMARK [2][-]{subsection.24.1}{\376\377\000:\000:\000s\000i\000g\000n\000-\000i\000m\000a\000g\000e}{section.24}% 31
\BOOKMARK [1][-]{section.25}{\376\377\000o\000r\000g\000a\000n}{}% 32
\BOOKMARK [1][-]{section.26}{\376\377\004\036\004\100\004\063\004\060\004\075\004\070\004\067\004\060\004\106\004\070\004\070}{}% 33
\BOOKMARK [2][-]{subsection.26.1}{\376\377\000:\000:\000s\000i\000g\000n\000-\000i\000m\000a\000g\000e}{section.26}% 34
\BOOKMARK [1][-]{section.27}{\376\377\000m\000e\000s\000t\000o}{}% 35
\BOOKMARK [1][-]{section.28}{\376\377\004\034\004\065\004\101\004\102\004\076\004\077\004\076\004\073\004\076\004\066\004\065\004\075\004\070\004\117}{}% 36
\BOOKMARK [2][-]{subsection.28.1}{\376\377\000:\000:\000s\000i\000g\000n\000-\000i\000m\000a\000g\000e}{section.28}% 37
\BOOKMARK [1][-]{section.29}{\376\377\000s\000e\000t\000u\000p\000\040\000a\000u\000t\000e\000n\000\040\000p\000o\000l\000z\000o\000\040\000c\000h\000e\000r\000e}{}% 38
\BOOKMARK [1][-]{section.30}{\376\377\004\035\004\060\004\101\004\102\004\100\004\076\004\071\004\072\004\060\000\040\004\060\004\103\004\102\004\065\004\075\004\102\004\070\004\104\004\070\004\072\004\060\004\106\004\070\004\070\000\040\004\077\004\076\004\073\004\114\004\067\004\076\004\062\004\060\004\102\004\065\004\073\004\065\004\071\000\040\004\107\004\065\004\100\004\065\004\067\000\040\004\062\004\075\004\065\004\110\004\075\004\116\004\116\000\040\004\101\004\073\004\103\004\066\004\061\004\103\000\040\000L\000D\000A\000P}{}% 39
\BOOKMARK [2][-]{subsection.30.1}{\376\377\000:\000:\000s\000i\000g\000n\000-\000i\000m\000a\000g\000e}{section.30}% 40
\BOOKMARK [2][-]{subsection.30.2}{\376\377\000:\000:\000s\000i\000g\000n\000-\000i\000m\000a\000g\000e}{section.30}% 41
\BOOKMARK [1][-]{section.31}{\376\377\000r\000o\000l\000e\000v\000\040\000m\000o\000d\000e\000l\000\040\000p\000o\000l\000z\000o}{}% 42
\BOOKMARK [1][-]{section.32}{\376\377\004\040\004\076\004\073\004\065\004\062\004\060\004\117\000\040\004\074\004\076\004\064\004\065\004\073\004\114\000\040\004\077\004\076\004\073\004\114\004\067\004\076\004\062\004\060\004\102\004\065\004\073\004\065\004\071}{}% 43
\BOOKMARK [2][-]{subsection.32.1}{\376\377\000:\000:\000s\000i\000g\000n\000-\000i\000m\000a\000g\000e}{section.32}% 44
\BOOKMARK [1][-]{section.33}{\376\377\000z\000a\000k\000l\000a}{}% 45
\BOOKMARK [1][-]{section.34}{\376\377\004\027\004\060\004\072\004\073\004\060\004\064\004\072\004\070}{}% 46
\BOOKMARK [2][-]{subsection.34.1}{\376\377\000:\000:\000s\000i\000g\000n\000-\000i\000m\000a\000g\000e}{section.34}% 47
\BOOKMARK [1][-]{section.35}{\376\377\000f\000u\000n\000k\000t\000\040\000u\000d\000a\000l\000e\000\040\000v\000y\000p\000o\000l}{}% 48
\BOOKMARK [1][-]{section.36}{\376\377\004\044\004\103\004\075\004\072\004\106\004\070\004\070\000\040\004\103\004\064\004\060\004\073\004\065\004\075\004\075\004\076\004\063\004\076\000\040\004\062\004\113\004\077\004\076\004\073\004\075\004\065\004\075\004\070\004\117}{}% 49
\BOOKMARK [2][-]{subsection.36.1}{\376\377\000:\000:\000s\000i\000g\000n\000-\000i\000m\000a\000g\000e}{section.36}% 50
\BOOKMARK [2][-]{subsection.36.2}{\376\377\000:\000:\000s\000i\000g\000n\000-\000i\000m\000a\000g\000e}{section.36}% 51
\BOOKMARK [1][-]{section.37}{\376\377\000p\000o\000d\000k\000l\000\040\000k\000o\000m\000p\000l\000\040\000k\000\040\000v\000n\000e\000s\000h}{}% 52
\BOOKMARK [1][-]{section.38}{\376\377\004\037\004\076\004\064\004\072\004\073\004\116\004\107\004\065\004\075\004\070\004\065\000\040\004\032\004\076\004\074\004\077\004\073\004\065\004\072\004\101\004\060\000\040\004\072\000\040\004\062\004\075\004\065\004\110\004\075\004\065\004\071\000\040\004\101\004\070\004\101\004\102\004\065\004\074\004\065\000\040\004\062\004\070\004\100\004\102\004\103\004\060\004\073\004\070\004\067\004\060\004\106\004\070\004\070}{}% 53
\BOOKMARK [2][-]{subsection.38.1}{\376\377\000:\000:\000s\000i\000g\000n\000-\000i\000m\000a\000g\000e}{section.38}% 54
\BOOKMARK [1][-]{section.39}{\376\377\000s\000e\000t\000u\000p\000\040\000i\000s\000k\000h\000o\000\040\000p\000o\000c\000h\000t}{}% 55
\BOOKMARK [1][-]{section.40}{\376\377\004\035\004\060\004\101\004\102\004\100\004\076\004\071\004\072\004\060\000\040\004\070\004\101\004\105\004\076\004\064\004\117\004\111\004\065\004\071\000\040\004\077\004\076\004\107\004\102\004\113}{}% 56
\BOOKMARK [2][-]{subsection.40.1}{\376\377\004\037\004\076\004\064\004\072\004\073\004\116\004\107\004\065\004\075\004\070\004\065\000\040\004\032\004\076\004\074\004\077\004\073\004\065\004\072\004\101\004\060\000\040\004\072\000\040\004\062\004\075\004\065\004\110\004\075\004\065\004\074\004\103\000\040\004\077\004\076\004\107\004\102\004\076\004\062\004\076\004\074\004\103\000\040\004\101\004\065\004\100\004\062\004\065\004\100\004\103}{section.40}% 57
\BOOKMARK [2][-]{subsection.40.2}{\376\377\000:\000:\000s\000i\000g\000n\000-\000i\000m\000a\000g\000e}{section.40}% 58
\BOOKMARK [2][-]{subsection.40.3}{\376\377\004\035\004\060\004\101\004\102\004\100\004\076\004\071\004\072\004\060\000\040\004\073\004\076\004\072\004\060\004\073\004\114\004\075\004\076\004\063\004\076\000\040\004\077\004\076\004\107\004\102\004\076\004\062\004\076\004\063\004\076\000\040\004\060\004\063\004\065\004\075\004\102\004\060}{section.40}% 59
\BOOKMARK [2][-]{subsection.40.4}{\376\377\000:\000:\000s\000i\000g\000n\000-\000i\000m\000a\000g\000e}{section.40}% 60
\BOOKMARK [1][-]{section.41}{\376\377\000i\000n\000d\000e\000x}{}% 61
\BOOKMARK [1][-]{section.42}{\376\377\004\043\004\077\004\100\004\060\004\062\004\073\004\065\004\075\004\070\004\065\000\040\004\103\004\067\004\073\004\060\004\074\004\070}{}% 62
\BOOKMARK [2][-]{subsection.42.1}{\376\377\000:\000:\000s\000i\000g\000n\000-\000i\000m\000a\000g\000e}{section.42}% 63
\BOOKMARK [2][-]{subsection.42.2}{\376\377\000:\000:\000s\000i\000g\000n\000-\000i\000m\000a\000g\000e}{section.42}% 64
\BOOKMARK [1][-]{section.43}{\376\377\000r\000a\000z\000v\000e\000\040\000n\000o\000v\000y\000k\000\040\000u\000z\000l\000o\000v}{}% 65
\BOOKMARK [1][-]{section.44}{\376\377\004\040\004\060\004\067\004\062\004\065\004\100\004\102\004\113\004\062\004\060\004\075\004\070\004\065\000\040\004\075\004\076\004\062\004\113\004\105\000\040\004\103\004\067\004\073\004\076\004\062}{}% 66
\BOOKMARK [2][-]{subsection.44.1}{\376\377\004\037\004\076\004\064\004\063\004\076\004\102\004\076\004\062\004\072\004\060\000\040\004\103\004\101\004\102\004\060\004\075\004\076\004\062\004\076\004\107\004\075\004\076\004\063\004\076\000\040\004\075\004\076\004\101\004\070\004\102\004\065\004\073\004\117}{section.44}% 67
\BOOKMARK [2][-]{subsection.44.2}{\376\377\004\037\004\076\004\064\004\063\004\076\004\102\004\076\004\062\004\072\004\060\000\040\004\072\000\040\004\101\004\065\004\102\004\065\004\062\004\076\004\074\004\103\000\040\004\100\004\060\004\067\004\062\004\065\004\100\004\102\004\113\004\062\004\060\004\075\004\070\004\116\000\040\004\103\004\067\004\073\004\060\000\040\004\075\004\060\000\040\004\064\004\100\004\103\004\063\004\070\004\105\000\040\004\036\004\041}{section.44}% 68
\BOOKMARK [3][-]{subsubsection.44.2.1}{\376\377\004\043\004\101\004\102\004\060\004\075\004\076\004\062\004\072\004\060\000\040\004\036\004\041\000\040\004\075\004\060\000\040\004\103\004\067\004\073\004\065\000\040\004\061\004\065\004\067\000\040\004\060\004\062\004\102\004\076\004\074\004\060\004\102\004\070\004\107\004\065\004\101\004\072\004\076\004\063\004\076\000\040\004\100\004\060\004\067\004\062\004\065\004\100\004\102\004\113\004\062\004\060\004\075\004\070\004\117}{subsection.44.2}% 69
\BOOKMARK [2][-]{subsection.44.3}{\376\377\000:\000:\000s\000i\000g\000n\000-\000i\000m\000a\000g\000e}{section.44}% 70
\BOOKMARK [2][-]{subsection.44.4}{\376\377\000:\000:\000s\000i\000g\000n\000-\000i\000m\000a\000g\000e}{section.44}% 71
\BOOKMARK [2][-]{subsection.44.5}{\376\377\000:\000:\000s\000i\000g\000n\000-\000i\000m\000a\000g\000e}{section.44}% 72
\BOOKMARK [2][-]{subsection.44.6}{\376\377\000:\000:\000s\000i\000g\000n\000-\000i\000m\000a\000g\000e}{section.44}% 73
\BOOKMARK [3][-]{subsubsection.44.6.1}{\376\377\004\043\004\101\004\102\004\060\004\075\004\076\004\062\004\072\004\060\000\040\004\036\004\041\000\040\004\075\004\060\000\040\004\103\004\067\004\073\004\065\000\040\004\101\000\040\004\060\004\062\004\102\004\076\004\074\004\060\004\102\004\070\004\107\004\065\004\101\004\072\004\070\004\074\000\040\004\100\004\060\004\067\004\062\004\065\004\100\004\102\004\113\004\062\004\060\004\075\004\070\004\065\004\074}{subsection.44.6}% 74
\BOOKMARK [2][-]{subsection.44.7}{\376\377\000:\000:\000s\000i\000g\000n\000-\000i\000m\000a\000g\000e}{section.44}% 75
\BOOKMARK [2][-]{subsection.44.8}{\376\377\000:\000:\000s\000i\000g\000n\000-\000i\000m\000a\000g\000e}{section.44}% 76
\BOOKMARK [2][-]{subsection.44.9}{\376\377\000:\000:\000s\000i\000g\000n\000-\000i\000m\000a\000g\000e}{section.44}% 77
\BOOKMARK [2][-]{subsection.44.10}{\376\377\004\037\004\060\004\100\004\060\004\074\004\065\004\102\004\100\004\113\000\040\004\101\004\065\004\102\004\065\004\062\004\076\004\063\004\076\000\040\004\100\004\060\004\067\004\062\004\065\004\100\004\102\004\113\004\062\004\060\004\075\004\070\004\117\000\040\004\103\004\067\004\073\004\060}{section.44}% 78
\BOOKMARK [2][-]{subsection.44.11}{\376\377\000:\000:\000s\000i\000g\000n\000-\000i\000m\000a\000g\000e}{section.44}% 79
\BOOKMARK [2][-]{subsection.44.12}{\376\377\004\043\004\072\004\060\004\067\004\060\004\075\004\070\004\065\000\040\004\101\004\065\004\102\004\065\004\062\004\076\004\063\004\076\000\040\004\060\004\064\004\100\004\065\004\101\004\060\000\040\004\077\004\076\004\064\004\101\004\065\004\102\004\070}{section.44}% 80
\BOOKMARK [2][-]{subsection.44.13}{\376\377\000:\000:\000s\000i\000g\000n\000-\000i\000m\000a\000g\000e}{section.44}% 81
\BOOKMARK [2][-]{subsection.44.14}{\376\377\000:\000:\000s\000i\000g\000n\000-\000i\000m\000a\000g\000e}{section.44}% 82
\BOOKMARK [2][-]{subsection.44.15}{\376\377\000:\000:\000s\000i\000g\000n\000-\000i\000m\000a\000g\000e}{section.44}% 83
\BOOKMARK [2][-]{subsection.44.16}{\376\377\004\043\004\072\004\060\004\067\004\060\004\075\004\070\004\065\000\040\004\101\004\065\004\100\004\062\004\065\004\100\004\076\004\062\000\040\004\077\004\100\004\076\004\072\004\101\004\070\000\040\000H\000T\000T\000P}{section.44}% 84
\BOOKMARK [2][-]{subsection.44.17}{\376\377\000:\000:\000s\000i\000g\000n\000-\000i\000m\000a\000g\000e}{section.44}% 85
\BOOKMARK [2][-]{subsection.44.18}{\376\377\004\022\004\113\004\107\004\070\004\101\004\073\004\070\004\102\004\065\004\073\004\114\004\075\004\113\004\065\000\040\004\100\004\065\004\101\004\103\004\100\004\101\004\113}{section.44}% 86
\BOOKMARK [2][-]{subsection.44.19}{\376\377\000:\000:\000s\000i\000g\000n\000-\000i\000m\000a\000g\000e}{section.44}% 87
\BOOKMARK [2][-]{subsection.44.20}{\376\377\000:\000:\000s\000i\000g\000n\000-\000i\000m\000a\000g\000e}{section.44}% 88
\BOOKMARK [2][-]{subsection.44.21}{\376\377\004\037\004\100\004\076\004\104\004\070\004\073\004\070\000\040\004\062\004\070\004\100\004\102\004\103\004\060\004\073\004\114\004\075\004\113\004\105\000\040\004\074\004\060\004\110\004\070\004\075}{section.44}% 89
\BOOKMARK [2][-]{subsection.44.22}{\376\377\000:\000:\000s\000i\000g\000n\000-\000i\000m\000a\000g\000e}{section.44}% 90
\BOOKMARK [2][-]{subsection.44.23}{\376\377\004\041\004\076\004\067\004\064\004\060\004\075\004\070\004\065\000\040\004\077\004\076\004\064\004\063\004\076\004\102\004\076\004\062\004\073\004\065\004\075\004\075\004\113\004\105\000\040\004\076\004\061\004\100\004\060\004\067\004\076\004\062\000\040\004\072\004\076\004\075\004\104\004\070\004\063\004\103\004\100\004\060\004\106\004\070\004\071\000\040\004\103\004\067\004\073\004\076\004\062}{section.44}% 91
\BOOKMARK [2][-]{subsection.44.24}{\376\377\000:\000:\000s\000i\000g\000n\000-\000i\000m\000a\000g\000e}{section.44}% 92
\BOOKMARK [2][-]{subsection.44.25}{\376\377\004\032\004\076\004\075\004\104\004\070\004\063\004\103\004\100\004\070\004\100\004\076\004\062\004\060\004\075\004\070\004\065\000\040\004\110\004\060\004\061\004\073\004\076\004\075\004\076\004\062\000\040\004\103\004\101\004\102\004\060\004\075\004\076\004\062\004\072\004\070\000\040\004\036\004\041}{section.44}% 93
\BOOKMARK [2][-]{subsection.44.26}{\376\377\000:\000:\000s\000i\000g\000n\000-\000i\000m\000a\000g\000e}{section.44}% 94
\BOOKMARK [2][-]{subsection.44.27}{\376\377\000:\000:\000s\000i\000g\000n\000-\000i\000m\000a\000g\000e}{section.44}% 95
\BOOKMARK [2][-]{subsection.44.28}{\376\377\004\043\004\101\004\102\004\060\004\075\004\076\004\062\004\076\004\107\004\075\004\113\004\065\000\040\004\075\004\076\004\101\004\070\004\102\004\065\004\073\004\070}{section.44}% 96
\BOOKMARK [2][-]{subsection.44.29}{\376\377\000:\000:\000s\000i\000g\000n\000-\000i\000m\000a\000g\000e}{section.44}% 97
\BOOKMARK [2][-]{subsection.44.30}{\376\377\000:\000:\000s\000i\000g\000n\000-\000i\000m\000a\000g\000e}{section.44}% 98
\BOOKMARK [1][-]{section.45}{\376\377\000s\000o\000z\000d\000a\000\040\000u\000z\000l\000o\000v}{}% 99
\BOOKMARK [1][-]{section.46}{\376\377\004\041\004\076\004\067\004\064\004\060\004\075\004\070\004\065\000\040\004\103\004\067\004\073\004\076\004\062}{}% 100
\BOOKMARK [2][-]{subsection.46.1}{\376\377\000:\000:\000s\000i\000g\000n\000-\000i\000m\000a\000g\000e}{section.46}% 101
\BOOKMARK [1][-]{section.47}{\376\377\000r\000e\000g\000i\000s\000\040\000s\000u\000s\000h\000c\000\040\000u\000z\000l\000o\000v}{}% 102
\BOOKMARK [1][-]{section.48}{\376\377\004\040\004\065\004\063\004\070\004\101\004\102\004\100\004\060\004\106\004\070\004\117\000\040\004\101\004\103\004\111\004\065\004\101\004\102\004\062\004\103\004\116\004\111\004\070\004\105\000\040\004\103\004\067\004\073\004\076\004\062}{}% 103
\BOOKMARK [2][-]{subsection.48.1}{\376\377\000:\000:\000s\000i\000g\000n\000-\000i\000m\000a\000g\000e}{section.48}% 104
\BOOKMARK [1][-]{section.49}{\376\377\000s\000o\000z\000d\000a\000\040\000g\000r\000u\000p\000p\000\040\000u\000z\000l\000o\000v}{}% 105
\BOOKMARK [1][-]{section.50}{\376\377\004\041\004\076\004\067\004\064\004\060\004\075\004\070\004\065\000\040\004\063\004\100\004\103\004\077\004\077\004\113\000\040\004\103\004\067\004\073\004\076\004\062}{}% 106
\BOOKMARK [2][-]{subsection.50.1}{\376\377\000:\000:\000s\000i\000g\000n\000-\000i\000m\000a\000g\000e}{section.50}% 107
\BOOKMARK [2][-]{subsection.50.2}{\376\377\000:\000:\000s\000i\000g\000n\000-\000i\000m\000a\000g\000e}{section.50}% 108
\BOOKMARK [1][-]{section.51}{\376\377\000d\000o\000b\000a\000v\000\040\000u\000z\000l\000a\000\040\000v\000\040\000g\000r\000u\000p\000p}{}% 109
\BOOKMARK [1][-]{section.52}{\376\377\004\024\004\076\004\061\004\060\004\062\004\073\004\065\004\075\004\070\004\065\000\040\004\103\004\067\004\073\004\060\000\040\004\062\000\040\004\063\004\100\004\103\004\077\004\077\004\103}{}% 110
\BOOKMARK [2][-]{subsection.52.1}{\376\377\000:\000:\000s\000i\000g\000n\000-\000i\000m\000a\000g\000e}{section.52}% 111
\BOOKMARK [2][-]{subsection.52.2}{\376\377\000:\000:\000s\000i\000g\000n\000-\000i\000m\000a\000g\000e}{section.52}% 112
\BOOKMARK [1][-]{section.53}{\376\377\000p\000r\000i\000s\000v\000\040\000g\000r\000u\000p\000p\000\040\000n\000e\000r\000a\000s\000\040\000u\000z\000l\000a\000m}{}% 113
\BOOKMARK [1][-]{section.54}{\376\377\004\037\004\100\004\070\004\101\004\062\004\076\004\065\004\075\004\070\004\065\000\040\004\063\004\100\004\103\004\077\004\077\004\113\000\040\004\075\004\065\004\100\004\060\004\101\004\077\004\100\004\065\004\064\004\065\004\073\004\065\004\075\004\075\004\113\004\074\000\040\004\103\004\067\004\073\004\060\004\074}{}% 114
\BOOKMARK [2][-]{subsection.54.1}{\376\377\000:\000:\000a\000p\000p\000-\000c\000o\000l\000l\000a\000p\000s\000i\000b\000l\000e}{section.54}% 115
\BOOKMARK [2][-]{subsection.54.2}{\376\377\000l\000a\000b\000e\000l\000:\000\040\000`\000`\004\042\004\060\004\061\004\073\004\070\004\106\004\060\000\040\0001\000\040\000-\000\040\004\037\004\060\004\100\004\060\004\074\004\065\004\102\004\100\004\113\000\040\004\074\004\076\004\064\004\103\004\073\004\117\000\040\000R\000C\000C\000\137\000d\000e\000f\000a\000u\000l\000t\000\137\000g\000r\000o\000u\000p\000'\000'}{section.54}% 116
\BOOKMARK [1][-]{section.55}{\376\377\000s\000o\000s\000t\000o\000\040\000u\000z\000l\000a}{}% 117
\BOOKMARK [1][-]{section.56}{\376\377\004\041\004\076\004\101\004\102\004\076\004\117\004\075\004\070\004\065\000\040\004\103\004\067\004\073\004\060}{}% 118
\BOOKMARK [2][-]{subsection.56.1}{\376\377\000:\000:\000s\000i\000g\000n\000-\000i\000m\000a\000g\000e}{section.56}% 119
\BOOKMARK [1][-]{section.57}{\376\377\000c\000t\000r\000l\000\040\000a\000r\000m\000\040\000s\000\040\000o\000s}{}% 120
\BOOKMARK [1][-]{section.58}{\376\377\004\043\004\077\004\100\004\060\004\062\004\073\004\065\004\075\004\070\004\065\000\040\004\020\004\040\004\034\000\040\004\101\000\040\004\036\004\041\000\040\000W\000i\000n\000d\000o\000w\000s}{}% 121
\BOOKMARK [2][-]{subsection.58.1}{\376\377\004\032\004\076\004\077\004\070\004\100\004\076\004\062\004\060\004\075\004\070\004\065\000\040\004\104\004\060\004\071\004\073\004\076\004\062}{section.58}% 122
\BOOKMARK [2][-]{subsection.58.2}{\376\377\000:\000:\000s\000i\000g\000n\000-\000i\000m\000a\000g\000e}{section.58}% 123
\BOOKMARK [2][-]{subsection.58.3}{\376\377\000:\000:\000s\000i\000g\000n\000-\000i\000m\000a\000g\000e}{section.58}% 124
\BOOKMARK [2][-]{subsection.58.4}{\376\377\004\027\004\060\004\077\004\103\004\101\004\072\000\040\004\070\004\101\004\077\004\076\004\073\004\075\004\117\004\065\004\074\004\076\004\063\004\076\000\040\004\104\004\060\004\071\004\073\004\060\000.}{section.58}% 125
\BOOKMARK [2][-]{subsection.58.5}{\376\377\000:\000:\000s\000i\000g\000n\000-\000i\000m\000a\000g\000e}{section.58}% 126
\BOOKMARK [2][-]{subsection.58.6}{\376\377\004\037\004\076\004\064\004\072\004\073\004\116\004\107\004\065\004\075\004\070\004\065\000\040\004\101\004\065\004\102\004\065\004\062\004\076\004\063\004\076\000\040\004\064\004\070\004\101\004\072\004\060}{section.58}% 127
\BOOKMARK [2][-]{subsection.58.7}{\376\377\000:\000:\000s\000i\000g\000n\000-\000i\000m\000a\000g\000e}{section.58}% 128
\BOOKMARK [2][-]{subsection.58.8}{\376\377\000:\000:\000s\000i\000g\000n\000-\000i\000m\000a\000g\000e}{section.58}% 129
\BOOKMARK [2][-]{subsection.58.9}{\376\377\004\036\004\061\004\067\004\076\004\100\000\040\004\103\004\101\004\102\004\060\004\075\004\076\004\062\004\073\004\065\004\075\004\075\004\076\004\063\004\076\000\040\004\037\004\036}{section.58}% 130
\BOOKMARK [2][-]{subsection.58.10}{\376\377\000:\000:\000s\000i\000g\000n\000-\000i\000m\000a\000g\000e}{section.58}% 131
\BOOKMARK [2][-]{subsection.58.11}{\376\377\000:\000:\000s\000i\000g\000n\000-\000i\000m\000a\000g\000e}{section.58}% 132
\BOOKMARK [2][-]{subsection.58.12}{\376\377\004\036\004\061\004\067\004\076\004\100\000\040\004\103\004\101\004\102\004\060\004\075\004\076\004\062\004\073\004\065\004\075\004\075\004\113\004\105\000\040\004\076\004\061\004\075\004\076\004\062\004\073\004\065\004\075\004\070\004\071\000\040\000W\000i\000n\000d\000o\000w\000s}{section.58}% 133
\BOOKMARK [2][-]{subsection.58.13}{\376\377\000:\000:\000s\000i\000g\000n\000-\000i\000m\000a\000g\000e}{section.58}% 134
\BOOKMARK [1][-]{section.59}{\376\377\000m\000i\000g\000r\000a\000\040\000u\000z\000l\000o\000v\000\040\000n\000a\000\040\000r\000o\000s\000a}{}% 135
\BOOKMARK [1][-]{section.60}{\376\377\004\034\004\070\004\063\004\100\004\060\004\106\004\070\004\117\000\040\004\103\004\067\004\073\004\076\004\062\000\040\004\075\004\060\000\040\004\040\004\036\004\041\004\020\000\040\000`\000`\004\045\004\100\004\076\004\074\000'\000'}{}% 136
\BOOKMARK [2][-]{subsection.60.1}{\376\377\004\034\004\070\004\063\004\100\004\060\004\106\004\070\004\117\000\040\004\101\000\040\004\036\004\041\000\040\000W\000i\000n\000d\000o\000w\000s}{section.60}% 137
\BOOKMARK [3][-]{subsubsection.60.1.1}{\376\377\004\040\004\060\004\067\004\062\004\065\004\100\004\102\004\113\004\062\004\060\004\075\004\070\004\065\000\040\004\101\004\065\004\100\004\062\004\065\004\100\004\060\000\040\004\076\004\061\004\065\004\101\004\077\004\065\004\107\004\065\004\075\004\070\004\117\000\040\004\074\004\070\004\063\004\100\004\060\004\106\004\070\004\070}{subsection.60.1}% 138
\BOOKMARK [2][-]{subsection.60.2}{\376\377\000:\000:\000a\000p\000p\000-\000c\000o\000l\000l\000a\000p\000s\000i\000b\000l\000e}{section.60}% 139
\BOOKMARK [2][-]{subsection.60.3}{\376\377\000l\000a\000b\000e\000l\000:\000\040\000`\000`\004\042\004\060\004\061\004\073\004\070\004\106\004\060\000\040\0002\000\040\000-\000\040\004\042\004\100\004\065\004\061\004\076\004\062\004\060\004\075\004\070\004\117\000\040\004\072\000\040\004\060\004\077\004\077\004\060\004\100\004\060\004\102\004\075\004\113\004\074\000\040\004\101\004\100\004\065\004\064\004\101\004\102\004\062\004\060\004\074\000\040\004\101\004\065\004\100\004\062\004\065\004\100\004\060\000\040\004\076\004\061\004\065\004\101\004\077\004\065\004\107\004\065\004\075\004\070\004\117\000\040\004\074\004\070\004\063\004\100\004\060\004\106\004\070\004\070\000'\000'}{section.60}% 140
\BOOKMARK [2][-]{subsection.60.4}{\376\377\000:\000:\000s\000i\000g\000n\000-\000i\000m\000a\000g\000e}{section.60}% 141
\BOOKMARK [3][-]{subsubsection.60.4.1}{\376\377\004\042\004\100\004\065\004\061\004\076\004\062\004\060\004\075\004\070\004\117\000\040\004\072\000\040\004\060\004\077\004\077\004\060\004\100\004\060\004\102\004\075\004\076\004\074\004\103\000\040\004\070\000\040\004\077\004\100\004\076\004\063\004\100\004\060\004\074\004\074\004\075\004\076\004\074\004\103\000\040\004\076\004\061\004\065\004\101\004\077\004\065\004\107\004\065\004\075\004\070\004\116\000\040\004\103\004\067\004\073\004\076\004\062}{subsection.60.4}% 142
\BOOKMARK [3][-]{subsubsection.60.4.2}{\376\377\004\041\004\106\004\065\004\075\004\060\004\100\004\070\004\071\000\040\004\074\004\070\004\063\004\100\004\060\004\106\004\070\004\070}{subsection.60.4}% 143
\BOOKMARK [3][-]{subsubsection.60.4.3}{\376\377\004\037\004\100\004\076\004\106\004\065\004\064\004\103\004\100\004\060\000\040\004\074\004\070\004\063\004\100\004\060\004\106\004\070\004\070}{subsection.60.4}% 144
\BOOKMARK [2][-]{subsection.60.5}{\376\377\000:\000:\000s\000i\000g\000n\000-\000i\000m\000a\000g\000e}{section.60}% 145
\BOOKMARK [2][-]{subsection.60.6}{\376\377\000:\000:\000s\000i\000g\000n\000-\000i\000m\000a\000g\000e}{section.60}% 146
\BOOKMARK [2][-]{subsection.60.7}{\376\377\000:\000:\000s\000i\000g\000n\000-\000i\000m\000a\000g\000e}{section.60}% 147
\BOOKMARK [2][-]{subsection.60.8}{\376\377\000:\000:\000s\000i\000g\000n\000-\000i\000m\000a\000g\000e}{section.60}% 148
\BOOKMARK [2][-]{subsection.60.9}{\376\377\000:\000:\000s\000i\000g\000n\000-\000i\000m\000a\000g\000e}{section.60}% 149
\BOOKMARK [2][-]{subsection.60.10}{\376\377\000:\000:\000s\000i\000g\000n\000-\000i\000m\000a\000g\000e}{section.60}% 150
\BOOKMARK [2][-]{subsection.60.11}{\376\377\000:\000:\000s\000i\000g\000n\000-\000i\000m\000a\000g\000e}{section.60}% 151
\BOOKMARK [2][-]{subsection.60.12}{\376\377\000:\000:\000s\000i\000g\000n\000-\000i\000m\000a\000g\000e}{section.60}% 152
\BOOKMARK [2][-]{subsection.60.13}{\376\377\000:\000:\000s\000i\000g\000n\000-\000i\000m\000a\000g\000e}{section.60}% 153
\BOOKMARK [2][-]{subsection.60.14}{\376\377\000:\000:\000s\000i\000g\000n\000-\000i\000m\000a\000g\000e}{section.60}% 154
\BOOKMARK [2][-]{subsection.60.15}{\376\377\000:\000:\000s\000i\000g\000n\000-\000i\000m\000a\000g\000e}{section.60}% 155
\BOOKMARK [2][-]{subsection.60.16}{\376\377\000:\000:\000s\000i\000g\000n\000-\000i\000m\000a\000g\000e}{section.60}% 156
\BOOKMARK [3][-]{subsubsection.60.16.1}{\376\377\004\040\004\065\004\067\004\103\004\073\004\114\004\102\004\060\004\102\004\113\000\040\004\074\004\070\004\063\004\100\004\060\004\106\004\070\004\070}{subsection.60.16}% 157
\BOOKMARK [2][-]{subsection.60.17}{\376\377\004\043\004\101\004\102\004\060\004\075\004\076\004\062\004\072\004\060\000\040\004\070\000\040\004\074\004\070\004\063\004\100\004\060\004\106\004\070\004\117\000\040\004\101\000\040\004\036\004\041\000\040\000W\000i\000n\000d\000o\000w\000s\000\040\004\101\000\040\004\070\004\101\004\077\004\076\004\073\004\114\004\067\004\076\004\062\004\060\004\075\004\070\004\065\004\074\000\040\000`\000`\004\067\004\076\004\073\004\076\004\102\004\076\004\063\004\076\000\040\004\076\004\061\004\100\004\060\004\067\004\060\000'\000'}{section.60}% 158
\BOOKMARK [3][-]{subsubsection.60.17.1}{\376\377\004\042\004\100\004\065\004\061\004\076\004\062\004\060\004\075\004\070\004\117\000\040\004\072\000\040\004\076\004\077\004\065\004\100\004\060\004\102\004\076\004\100\004\103\000\040\004\074\004\070\004\063\004\100\004\060\004\106\004\070\004\070}{subsection.60.17}% 159
\BOOKMARK [3][-]{subsubsection.60.17.2}{\376\377\004\037\004\076\004\064\004\063\004\076\004\102\004\076\004\062\004\072\004\060\000\040\000`\000`\004\067\004\076\004\073\004\076\004\102\004\076\004\063\004\076\000\040\004\076\004\061\004\100\004\060\004\067\004\060\000'\000'}{subsection.60.17}% 160
\BOOKMARK [3][-]{subsubsection.60.17.3}{\376\377\004\037\004\076\004\064\004\063\004\076\004\102\004\076\004\062\004\072\004\060\000\040\004\101\004\065\004\100\004\062\004\065\004\100\004\060\000\040\004\105\004\100\004\060\004\075\004\065\004\075\004\070\004\117}{subsection.60.17}% 161
\BOOKMARK [3][-]{subsubsection.60.17.4}{\376\377\004\043\004\101\004\102\004\060\004\075\004\076\004\062\004\072\004\060\000\040\004\036\004\041}{subsection.60.17}% 162
\BOOKMARK [3][-]{subsubsection.60.17.5}{\376\377\004\034\004\070\004\063\004\100\004\060\004\106\004\070\004\117\000\040\004\036\004\041}{subsection.60.17}% 163
\BOOKMARK [2][-]{subsection.60.18}{\376\377\004\034\004\070\004\063\004\100\004\060\004\106\004\070\004\117\000\040\004\101\000\040\004\040\004\036\004\041\004\020\000\040\000`\000`\004\032\004\076\004\061\004\060\004\073\004\114\004\102\000'\000'\000\040\004\101\000\040\004\070\004\101\004\077\004\076\004\073\004\114\004\067\004\076\004\062\004\060\004\075\004\070\004\065\004\074\000\040\000b\000a\000c\000k\000u\000p\000-\004\101\004\065\004\100\004\062\004\065\004\100\004\060}{section.60}% 164
\BOOKMARK [2][-]{subsection.60.19}{\376\377\000:\000:\000s\000i\000g\000n\000-\000i\000m\000a\000g\000e}{section.60}% 165
\BOOKMARK [2][-]{subsection.60.20}{\376\377\000:\000:\000s\000i\000g\000n\000-\000i\000m\000a\000g\000e}{section.60}% 166
\BOOKMARK [2][-]{subsection.60.21}{\376\377\000:\000:\000s\000i\000g\000n\000-\000i\000m\000a\000g\000e}{section.60}% 167
\BOOKMARK [2][-]{subsection.60.22}{\376\377\000:\000:\000s\000i\000g\000n\000-\000i\000m\000a\000g\000e}{section.60}% 168
\BOOKMARK [2][-]{subsection.60.23}{\376\377\000:\000:\000s\000i\000g\000n\000-\000i\000m\000a\000g\000e}{section.60}% 169
\BOOKMARK [2][-]{subsection.60.24}{\376\377\000:\000:\000s\000i\000g\000n\000-\000i\000m\000a\000g\000e}{section.60}% 170
\BOOKMARK [2][-]{subsection.60.25}{\376\377\000:\000:\000s\000i\000g\000n\000-\000i\000m\000a\000g\000e}{section.60}% 171
\BOOKMARK [2][-]{subsection.60.26}{\376\377\000:\000:\000s\000i\000g\000n\000-\000i\000m\000a\000g\000e}{section.60}% 172
\BOOKMARK [2][-]{subsection.60.27}{\376\377\000:\000:\000s\000i\000g\000n\000-\000i\000m\000a\000g\000e}{section.60}% 173
\BOOKMARK [2][-]{subsection.60.28}{\376\377\000:\000:\000s\000i\000g\000n\000-\000i\000m\000a\000g\000e}{section.60}% 174
\BOOKMARK [2][-]{subsection.60.29}{\376\377\000:\000:\000s\000i\000g\000n\000-\000i\000m\000a\000g\000e}{section.60}% 175
\BOOKMARK [2][-]{subsection.60.30}{\376\377\000:\000:\000s\000i\000g\000n\000-\000i\000m\000a\000g\000e}{section.60}% 176
\BOOKMARK [2][-]{subsection.60.31}{\376\377\000:\000:\000s\000i\000g\000n\000-\000i\000m\000a\000g\000e}{section.60}% 177
\BOOKMARK [2][-]{subsection.60.32}{\376\377\000:\000:\000s\000i\000g\000n\000-\000i\000m\000a\000g\000e}{section.60}% 178
\BOOKMARK [2][-]{subsection.60.33}{\376\377\000:\000:\000s\000i\000g\000n\000-\000i\000m\000a\000g\000e}{section.60}% 179
\BOOKMARK [2][-]{subsection.60.34}{\376\377\004\034\004\070\004\063\004\100\004\060\004\106\004\070\004\117\000\040\004\101\000\040\004\040\004\036\004\041\004\020\000\040\000`\000`\004\032\004\076\004\061\004\060\004\073\004\114\004\102\000'\000'\000\040\004\101\000\040\004\070\004\101\004\077\004\076\004\073\004\114\004\067\004\076\004\062\004\060\004\075\004\070\004\065\004\074\000\040\000U\000S\000B}{section.60}% 180
\BOOKMARK [2][-]{subsection.60.35}{\376\377\000:\000:\000s\000i\000g\000n\000-\000i\000m\000a\000g\000e}{section.60}% 181
\BOOKMARK [2][-]{subsection.60.36}{\376\377\000:\000:\000s\000i\000g\000n\000-\000i\000m\000a\000g\000e}{section.60}% 182
\BOOKMARK [2][-]{subsection.60.37}{\376\377\000:\000:\000s\000i\000g\000n\000-\000i\000m\000a\000g\000e}{section.60}% 183
\BOOKMARK [2][-]{subsection.60.38}{\376\377\000:\000:\000s\000i\000g\000n\000-\000i\000m\000a\000g\000e}{section.60}% 184
\BOOKMARK [2][-]{subsection.60.39}{\376\377\000:\000:\000s\000i\000g\000n\000-\000i\000m\000a\000g\000e}{section.60}% 185
\BOOKMARK [2][-]{subsection.60.40}{\376\377\000:\000:\000s\000i\000g\000n\000-\000i\000m\000a\000g\000e}{section.60}% 186
\BOOKMARK [2][-]{subsection.60.41}{\376\377\000:\000:\000s\000i\000g\000n\000-\000i\000m\000a\000g\000e}{section.60}% 187
\BOOKMARK [2][-]{subsection.60.42}{\376\377\000:\000:\000s\000i\000g\000n\000-\000i\000m\000a\000g\000e}{section.60}% 188
\BOOKMARK [2][-]{subsection.60.43}{\376\377\000:\000:\000s\000i\000g\000n\000-\000i\000m\000a\000g\000e}{section.60}% 189
\BOOKMARK [2][-]{subsection.60.44}{\376\377\000:\000:\000s\000i\000g\000n\000-\000i\000m\000a\000g\000e}{section.60}% 190
\BOOKMARK [2][-]{subsection.60.45}{\376\377\000:\000:\000s\000i\000g\000n\000-\000i\000m\000a\000g\000e}{section.60}% 191
\BOOKMARK [2][-]{subsection.60.46}{\376\377\000:\000:\000s\000i\000g\000n\000-\000i\000m\000a\000g\000e}{section.60}% 192
\BOOKMARK [2][-]{subsection.60.47}{\376\377\000:\000:\000s\000i\000g\000n\000-\000i\000m\000a\000g\000e}{section.60}% 193
\BOOKMARK [2][-]{subsection.60.48}{\376\377\000:\000:\000s\000i\000g\000n\000-\000i\000m\000a\000g\000e}{section.60}% 194
\BOOKMARK [2][-]{subsection.60.49}{\376\377\000:\000:\000s\000i\000g\000n\000-\000i\000m\000a\000g\000e}{section.60}% 195
\BOOKMARK [2][-]{subsection.60.50}{\376\377\000:\000:\000s\000i\000g\000n\000-\000i\000m\000a\000g\000e}{section.60}% 196
\BOOKMARK [2][-]{subsection.60.51}{\376\377\000:\000:\000s\000i\000g\000n\000-\000i\000m\000a\000g\000e}{section.60}% 197
\BOOKMARK [2][-]{subsection.60.52}{\376\377\000:\000:\000s\000i\000g\000n\000-\000i\000m\000a\000g\000e}{section.60}% 198
\BOOKMARK [1][-]{section.61}{\376\377\000g\000l\000o\000b\000a\000\040\000p\000a\000r\000a\000m}{}% 199
\BOOKMARK [1][-]{section.62}{\376\377\004\023\004\073\004\076\004\061\004\060\004\073\004\114\004\075\004\113\004\065\000\040\004\077\004\060\004\100\004\060\004\074\004\065\004\102\004\100\004\113}{}% 200
\BOOKMARK [2][-]{subsection.62.1}{\376\377\000:\000:\000s\000i\000g\000n\000-\000i\000m\000a\000g\000e}{section.62}% 201
\BOOKMARK [1][-]{section.63}{\376\377\000a\000n\000s\000i\000b}{}% 202
\BOOKMARK [1][-]{section.64}{\376\377\000A\000n\000s\000i\000b\000l\000e}{}% 203
\BOOKMARK [2][-]{subsection.64.1}{\376\377\004\036\004\061\004\111\004\070\004\065\000\040\004\077\004\060\004\100\004\060\004\074\004\065\004\102\004\100\004\113\000\040\000A\000n\000s\000i\000b\000l\000e}{section.64}% 204
\BOOKMARK [2][-]{subsection.64.2}{\376\377\000:\000:\000s\000i\000g\000n\000-\000i\000m\000a\000g\000e}{section.64}% 205
\BOOKMARK [2][-]{subsection.64.3}{\376\377\004\030\004\074\004\077\004\076\004\100\004\102\000\040\004\100\004\076\004\073\004\065\004\071\000\040\004\070\000\040\004\077\004\065\004\100\004\065\004\074\004\065\004\075\004\075\004\113\004\105\000\040\000A\000n\000s\000i\000b\000l\000e}{section.64}% 206
\BOOKMARK [2][-]{subsection.64.4}{\376\377\000:\000:\000s\000i\000g\000n\000-\000i\000m\000a\000g\000e}{section.64}% 207
\BOOKMARK [2][-]{subsection.64.5}{\376\377\000:\000:\000s\000i\000g\000n\000-\000i\000m\000a\000g\000e}{section.64}% 208
\BOOKMARK [2][-]{subsection.64.6}{\376\377\004\037\004\100\004\070\004\101\004\062\004\076\004\065\004\075\004\070\004\065\000\040\004\100\004\076\004\073\004\065\004\071\000\040\000A\000n\000s\000i\000b\000l\000e}{section.64}% 209
\BOOKMARK [2][-]{subsection.64.7}{\376\377\004\037\004\100\004\070\004\101\004\062\004\076\004\065\004\075\004\070\004\065\000\040\004\100\004\076\004\073\004\065\004\071\000\040\000A\000n\000s\000i\000b\000l\000e\000\040\004\076\004\102\004\064\004\065\004\073\004\114\004\075\004\076\004\074\004\103\000\040\004\103\004\067\004\073\004\103}{section.64}% 210
\BOOKMARK [2][-]{subsection.64.8}{\376\377\000:\000:\000s\000i\000g\000n\000-\000i\000m\000a\000g\000e}{section.64}% 211
\BOOKMARK [2][-]{subsection.64.9}{\376\377\004\022\004\113\004\077\004\076\004\073\004\075\004\065\004\075\004\070\004\065\000\040\004\100\004\076\004\073\004\065\004\071\000\040\000A\000n\000s\000i\000b\000l\000e}{section.64}% 212
\BOOKMARK [1][-]{section.65}{\376\377\000p\000u\000p\000p\000e}{}% 213
\BOOKMARK [1][-]{section.66}{\376\377\000P\000u\000p\000p\000e\000t}{}% 214
\BOOKMARK [2][-]{subsection.66.1}{\376\377\004\032\004\073\004\060\004\101\004\101\004\113}{section.66}% 215
\BOOKMARK [2][-]{subsection.66.2}{\376\377\000:\000:\000s\000i\000g\000n\000-\000i\000m\000a\000g\000e}{section.66}% 216
\BOOKMARK [2][-]{subsection.66.3}{\376\377\000:\000:\000s\000i\000g\000n\000-\000i\000m\000a\000g\000e}{section.66}% 217
\BOOKMARK [2][-]{subsection.66.4}{\376\377\004\036\004\072\004\100\004\103\004\066\004\065\004\075\004\070\004\117}{section.66}% 218
\BOOKMARK [2][-]{subsection.66.5}{\376\377\004\037\004\100\004\070\004\074\004\065\004\075\004\065\004\075\004\070\004\065\000\040\004\072\004\073\004\060\004\101\004\101\004\076\004\062}{section.66}% 219
\BOOKMARK [2][-]{subsection.66.6}{\376\377\004\023\004\100\004\103\004\077\004\077\004\113\000\040\004\072\004\076\004\075\004\104\004\070\004\063\004\103\004\100\004\060\004\106\004\070\004\071}{section.66}% 220
\BOOKMARK [2][-]{subsection.66.7}{\376\377\000:\000:\000s\000i\000g\000n\000-\000i\000m\000a\000g\000e}{section.66}% 221
\BOOKMARK [2][-]{subsection.66.8}{\376\377\004\037\004\060\004\100\004\060\004\074\004\065\004\102\004\100\004\113\000\040\004\072\004\073\004\060\004\101\004\101\004\060}{section.66}% 222
\BOOKMARK [2][-]{subsection.66.9}{\376\377\004\033\004\076\004\072\004\060\004\073\004\114\004\075\004\113\004\065\000\040\004\100\004\065\004\077\004\076\004\067\004\070\004\102\004\076\004\100\004\070\004\070}{section.66}% 223
\BOOKMARK [2][-]{subsection.66.10}{\376\377\004\043\004\077\004\100\004\060\004\062\004\073\004\065\004\075\004\070\004\065\000\040\004\077\004\060\004\072\004\065\004\102\004\060\004\074\004\070}{section.66}% 224
\BOOKMARK [2][-]{subsection.66.11}{\376\377\000:\000:\000s\000i\000g\000n\000-\000i\000m\000a\000g\000e}{section.66}% 225
\BOOKMARK [2][-]{subsection.66.12}{\376\377\000:\000:\000s\000i\000g\000n\000-\000i\000m\000a\000g\000e}{section.66}% 226
\BOOKMARK [1][-]{section.67}{\376\377\000i\000n\000d\000e\000x}{}% 227
\BOOKMARK [1][-]{section.68}{\376\377\004\043\004\077\004\100\004\060\004\062\004\073\004\065\004\075\004\070\004\065\000\040\004\101\004\076\004\064\004\065\004\100\004\066\004\070\004\074\004\113\004\074}{}% 228
\BOOKMARK [1][-]{section.69}{\376\377\000c\000t\000r\000l\000\040\000p\000o\000d\000p\000i}{}% 229
\BOOKMARK [1][-]{section.70}{\376\377\004\043\004\077\004\100\004\060\004\062\004\073\004\065\004\075\004\070\004\065\000\040\004\077\004\076\004\064\004\077\004\070\004\101\004\072\004\060\004\074\004\070}{}% 230
\BOOKMARK [2][-]{subsection.70.1}{\376\377\000:\000:\000s\000i\000g\000n\000-\000i\000m\000a\000g\000e}{section.70}% 231
\BOOKMARK [1][-]{section.71}{\376\377\000t\000i\000p\000y\000\040\000s\000o\000d\000e\000r}{}% 232
\BOOKMARK [1][-]{section.72}{\376\377\004\042\004\070\004\077\004\113\000\040\004\101\004\076\004\064\004\065\004\100\004\066\004\070\004\074\004\076\004\063\004\076}{}% 233
\BOOKMARK [1][-]{section.73}{\376\377\000p\000r\000o\000d\000u}{}% 234
\BOOKMARK [1][-]{section.74}{\376\377\004\037\004\100\004\076\004\064\004\103\004\072\004\102\004\113}{}% 235
\BOOKMARK [2][-]{subsection.74.1}{\376\377\000:\000:\000s\000i\000g\000n\000-\000i\000m\000a\000g\000e}{section.74}% 236
\BOOKMARK [2][-]{subsection.74.2}{\376\377\000:\000:\000s\000i\000g\000n\000-\000i\000m\000a\000g\000e}{section.74}% 237
\BOOKMARK [1][-]{section.75}{\376\377\000u\000c\000h\000e\000t\000\040\000d\000a\000n\000n\000y\000\040\000s\000o\000d\000e\000r}{}% 238
\BOOKMARK [1][-]{section.76}{\376\377\004\043\004\107\004\065\004\102\004\075\004\113\004\065\000\040\004\064\004\060\004\075\004\075\004\113\004\065\000\040\004\101\004\076\004\064\004\065\004\100\004\066\004\070\004\074\004\076\004\063\004\076}{}% 239
\BOOKMARK [2][-]{subsection.76.1}{\376\377\000:\000:\000s\000i\000g\000n\000-\000i\000m\000a\000g\000e}{section.76}% 240
\BOOKMARK [2][-]{subsection.76.2}{\376\377\004\030\004\074\004\077\004\076\004\100\004\102\000\040\004\072\004\073\004\116\004\107\004\060\000\040\000G\000P\000G}{section.76}% 241
\BOOKMARK [1][-]{section.77}{\376\377\000a\000l\000t\000e\000r\000\040\000i\000s\000t\000o\000c\000\040\000s\000o\000d\000e\000r}{}% 242
\BOOKMARK [1][-]{section.78}{\376\377\004\020\004\073\004\114\004\102\004\065\004\100\004\075\004\060\004\102\004\070\004\062\004\075\004\113\004\065\000\040\004\070\004\101\004\102\004\076\004\107\004\075\004\070\004\072\004\070\000\040\004\101\004\076\004\064\004\065\004\100\004\066\004\070\004\074\004\076\004\063\004\076}{}% 243
\BOOKMARK [2][-]{subsection.78.1}{\376\377\000:\000:\000s\000i\000g\000n\000-\000i\000m\000a\000g\000e}{section.78}% 244
\BOOKMARK [1][-]{section.79}{\376\377\000u\000z\000l\000y\000\040\000s\000o\000d\000e\000r}{}% 245
\BOOKMARK [1][-]{section.80}{\376\377\004\043\004\067\004\073\004\113\000\040\004\101\004\076\004\064\004\065\004\100\004\066\004\070\004\074\004\076\004\063\004\076}{}% 246
\BOOKMARK [2][-]{subsection.80.1}{\376\377\000:\000:\000s\000i\000g\000n\000-\000i\000m\000a\000g\000e}{section.80}% 247
\BOOKMARK [1][-]{section.81}{\376\377\000k\000o\000l\000l\000e\000\040\000u\000z\000l\000o\000v}{}% 248
\BOOKMARK [1][-]{section.82}{\376\377\004\032\004\076\004\073\004\073\004\065\004\072\004\106\004\070\004\070\000\040\004\103\004\067\004\073\004\076\004\062}{}% 249
\BOOKMARK [2][-]{subsection.82.1}{\376\377\000:\000:\000s\000i\000g\000n\000-\000i\000m\000a\000g\000e}{section.82}% 250
\BOOKMARK [1][-]{section.83}{\376\377\000p\000l\000a\000n\000\040\000s\000i\000n\000k\000h}{}% 251
\BOOKMARK [1][-]{section.84}{\376\377\004\037\004\073\004\060\004\075\000\040\004\101\004\070\004\075\004\105\004\100\004\076\004\075\004\070\004\067\004\060\004\106\004\070\004\070}{}% 252
\BOOKMARK [2][-]{subsection.84.1}{\376\377\000:\000:\000s\000i\000g\000n\000-\000i\000m\000a\000g\000e}{section.84}% 253
\BOOKMARK [1][-]{section.85}{\376\377\000n\000a\000z\000n\000a\000\040\000p\000l\000a\000n\000a\000\040\000s\000i\000n\000k\000h\000\040\000p\000r\000o\000d\000u}{}% 254
\BOOKMARK [1][-]{section.86}{\376\377\004\035\004\060\004\067\004\075\004\060\004\107\004\065\004\075\004\070\004\065\000\040\004\077\004\073\004\060\004\075\004\060\000\040\004\101\004\070\004\075\004\105\004\100\004\076\004\075\004\070\004\067\004\060\004\106\004\070\004\070\000\040\004\077\004\100\004\076\004\064\004\103\004\072\004\102\004\103}{}% 255
\BOOKMARK [2][-]{subsection.86.1}{\376\377\000:\000:\000s\000i\000g\000n\000-\000i\000m\000a\000g\000e}{section.86}% 256
\BOOKMARK [1][-]{section.87}{\376\377\000s\000t\000a\000t\000u\000\040\000s\000i\000n\000k\000h}{}% 257
\BOOKMARK [1][-]{section.88}{\376\377\004\041\004\102\004\060\004\102\004\103\004\101\000\040\004\101\004\070\004\075\004\105\004\100\004\076\004\075\004\070\004\067\004\060\004\106\004\070\004\070}{}% 258
\BOOKMARK [2][-]{subsection.88.1}{\376\377\000:\000:\000s\000i\000g\000n\000-\000i\000m\000a\000g\000e}{section.88}% 259
\BOOKMARK [1][-]{section.89}{\376\377\000z\000h\000i\000z\000n\000\040\000t\000s\000i\000k\000l\000\040\000p\000r\000i\000l\000o}{}% 260
\BOOKMARK [1][-]{section.90}{\376\377\004\026\004\070\004\067\004\075\004\065\004\075\004\075\004\113\004\071\000\040\004\106\004\070\004\072\004\073\000\040\004\077\004\100\004\070\004\073\004\076\004\066\004\065\004\075\004\070\004\071}{}% 261
\BOOKMARK [2][-]{subsection.90.1}{\376\377\004\036\004\072\004\100\004\103\004\066\004\065\004\075\004\070\004\117\000\040\004\066\004\070\004\067\004\075\004\065\004\075\004\075\004\076\004\063\004\076\000\040\004\106\004\070\004\072\004\073\004\060}{section.90}% 262
\BOOKMARK [2][-]{subsection.90.2}{\376\377\000:\000:\000s\000i\000g\000n\000-\000i\000m\000a\000g\000e}{section.90}% 263
\BOOKMARK [2][-]{subsection.90.3}{\376\377\004\037\004\100\004\065\004\064\004\101\004\102\004\060\004\062\004\073\004\065\004\075\004\070\004\117}{section.90}% 264
\BOOKMARK [2][-]{subsection.90.4}{\376\377\000:\000:\000s\000i\000g\000n\000-\000i\000m\000a\000g\000e}{section.90}% 265
\BOOKMARK [2][-]{subsection.90.5}{\376\377\000:\000:\000s\000i\000g\000n\000-\000i\000m\000a\000g\000e}{section.90}% 266
\BOOKMARK [2][-]{subsection.90.6}{\376\377\000:\000:\000s\000i\000g\000n\000-\000i\000m\000a\000g\000e}{section.90}% 267
\BOOKMARK [1][-]{section.91}{\376\377\000o\000b\000z\000o\000r}{}% 268
\BOOKMARK [1][-]{section.92}{\376\377\004\036\004\061\004\067\004\076\004\100}{}% 269
\BOOKMARK [2][-]{subsection.92.1}{\376\377\000:\000:\000s\000i\000g\000n\000-\000i\000m\000a\000g\000e}{section.92}% 270
\BOOKMARK [2][-]{subsection.92.2}{\376\377\000:\000:\000s\000i\000g\000n\000-\000i\000m\000a\000g\000e}{section.92}% 271
\BOOKMARK [1][-]{section.93}{\376\377\000o\000p\000o\000v\000e\000\040\000o\000\040\000s\000o\000b\000y\000t}{}% 272
\BOOKMARK [1][-]{section.94}{\376\377\004\036\004\077\004\076\004\062\004\065\004\111\004\065\004\075\004\070\004\117\000\040\004\076\000\040\004\101\004\076\004\061\004\113\004\102\004\070\004\117\004\105}{}% 273
\BOOKMARK [1][-]{section.95}{\376\377\000v\000y\000z\000o\000v\000\040\000z\000a\000d\000a\000n}{}% 274
\BOOKMARK [1][-]{section.96}{\376\377\004\022\004\113\004\067\004\076\004\062\004\113\000\040\004\067\004\060\004\064\004\060\004\075\004\070\004\071}{}% 275
\BOOKMARK [2][-]{subsection.96.1}{\376\377\000:\000:\000s\000i\000g\000n\000-\000i\000m\000a\000g\000e}{section.96}% 276
\BOOKMARK [2][-]{subsection.96.2}{\376\377\000:\000:\000s\000i\000g\000n\000-\000i\000m\000a\000g\000e}{section.96}% 277
\BOOKMARK [1][-]{section.97}{\376\377\000p\000r\000o\000t\000s}{}% 278
\BOOKMARK [1][-]{section.98}{\376\377\004\037\004\100\004\076\004\106\004\065\004\101\004\101\004\113}{}% 279
\BOOKMARK [2][-]{subsection.98.1}{\376\377\000:\000:\000s\000i\000g\000n\000-\000i\000m\000a\000g\000e}{section.98}% 280
\BOOKMARK [1][-]{section.99}{\376\377\000f\000o\000r\000m\000i\000\040\000o\000t\000c\000h\000e\000\040\000i\000z\000\040\000s\000h\000a\000b\000l}{}% 281
\BOOKMARK [1][-]{section.100}{\376\377\004\044\004\076\004\100\004\074\004\070\004\100\004\076\004\062\004\060\004\075\004\070\004\065\000\040\004\076\004\102\004\107\004\065\004\102\004\060\000\040\004\070\004\067\000\040\004\110\004\060\004\061\004\073\004\076\004\075\004\060}{}% 282
\BOOKMARK [2][-]{subsection.100.1}{\376\377\000:\000:\000s\000i\000g\000n\000-\000i\000m\000a\000g\000e}{section.100}% 283
\BOOKMARK [2][-]{subsection.100.2}{\376\377\000:\000:\000s\000i\000g\000n\000-\000i\000m\000a\000g\000e}{section.100}% 284
\BOOKMARK [1][-]{section.101}{\376\377\000a\000u\000d\000i\000t\000\040\000i\000z\000m\000e\000n}{}% 285
\BOOKMARK [1][-]{section.102}{\376\377\004\020\004\103\004\064\004\070\004\102\000\040\004\070\004\067\004\074\004\065\004\075\004\065\004\075\004\070\004\071}{}% 286
\BOOKMARK [2][-]{subsection.102.1}{\376\377\000:\000:\000s\000i\000g\000n\000-\000i\000m\000a\000g\000e}{section.102}% 287
\BOOKMARK [1][-]{section.103}{\376\377\000s\000b\000o\000r\000\040\000f\000a\000k\000t\000o\000\040\000o\000\040\000c\000o\000n\000f}{}% 288
\BOOKMARK [1][-]{section.104}{\376\377\004\041\004\061\004\076\004\100\000\040\004\104\004\060\004\072\004\102\004\076\004\062\000\040\004\076\000\040\004\072\004\076\004\075\004\104\004\070\004\063\004\103\004\100\004\060\004\106\004\070\004\070}{}% 289
\BOOKMARK [2][-]{subsection.104.1}{\376\377\000:\000:\000s\000i\000g\000n\000-\000i\000m\000a\000g\000e}{section.104}% 290
\BOOKMARK [2][-]{subsection.104.2}{\376\377\000:\000:\000s\000i\000g\000n\000-\000i\000m\000a\000g\000e}{section.104}% 291
\BOOKMARK [1][-]{section.105}{\376\377\000o\000t\000s\000l\000e\000\040\000i\000z\000m\000e\000n\000\040\000a\000p\000p\000a\000r\000\040\000c\000o\000n\000f}{}% 292
\BOOKMARK [1][-]{section.106}{\376\377\004\036\004\102\004\101\004\073\004\065\004\066\004\070\004\062\004\060\004\075\004\070\004\065\000\040\004\070\004\067\004\074\004\065\004\075\004\065\004\075\004\070\004\071\000\040\004\060\004\077\004\077\004\060\004\100\004\060\004\102\004\075\004\076\004\071\000\040\004\072\004\076\004\075\004\104\004\070\004\063\004\103\004\100\004\060\004\106\004\070\004\070}{}% 293
\BOOKMARK [2][-]{subsection.106.1}{\376\377\000:\000:\000s\000i\000g\000n\000-\000i\000m\000a\000g\000e}{section.106}% 294
\BOOKMARK [2][-]{subsection.106.2}{\376\377\000:\000:\000s\000i\000g\000n\000-\000i\000m\000a\000g\000e}{section.106}% 295
\BOOKMARK [2][-]{subsection.106.3}{\376\377\000:\000:\000s\000i\000g\000n\000-\000i\000m\000a\000g\000e}{section.106}% 296
\BOOKMARK [2][-]{subsection.106.4}{\376\377\000:\000:\000s\000i\000g\000n\000-\000i\000m\000a\000g\000e}{section.106}% 297
\BOOKMARK [1][-]{section.107}{\376\377\000i\000n\000v\000e\000n\000\040\000u\000z\000l\000o\000v}{}% 298
\BOOKMARK [1][-]{section.108}{\376\377\004\030\004\075\004\062\004\065\004\075\004\102\004\060\004\100\004\070\004\067\004\060\004\106\004\070\004\117\000\040\004\103\004\067\004\073\004\076\004\062}{}% 299
\BOOKMARK [2][-]{subsection.108.1}{\376\377\000:\000:\000s\000i\000g\000n\000-\000i\000m\000a\000g\000e}{section.108}% 300
\BOOKMARK [1][-]{section.109}{\376\377\000u\000c\000h\000e\000t\000\040\000l\000i\000t\000s\000e}{}% 301
\BOOKMARK [1][-]{section.110}{\376\377\004\043\004\107\004\065\004\102\000\040\004\073\004\070\004\106\004\065\004\075\004\067\004\070\004\071}{}% 302
\BOOKMARK [2][-]{subsection.110.1}{\376\377\000:\000:\000a\000p\000p\000-\000c\000o\000l\000l\000a\000p\000s\000i\000b\000l\000e}{section.110}% 303
\BOOKMARK [2][-]{subsection.110.2}{\376\377\000l\000a\000b\000e\000l\000:\000\040\000`\000`\004\042\004\060\004\061\004\073\004\070\004\106\004\060\000\040\0003\000\040\000-\000\040\004\027\004\075\004\060\004\107\004\065\004\075\004\070\004\117\000\040\004\104\004\060\004\072\004\102\004\060\000\040\000R\000C\000C\000\137\000l\000i\000c\000'\000'}{section.110}% 304
\BOOKMARK [1][-]{section.111}{\376\377\000i\000n\000d\000e\000x}{}% 305
\BOOKMARK [1][-]{section.112}{\376\377\004\040\004\060\004\061\004\076\004\102\004\060\000\040\004\101\000\040\004\077\004\076\004\064\004\101\004\070\004\101\004\102\004\065\004\074\004\060\004\074\004\070}{}% 306
\BOOKMARK [1][-]{section.113}{\376\377\000s\000u\000b\000s\000y\000\040\000m\000o\000n\000i\000t}{}% 307
\BOOKMARK [1][-]{section.114}{\376\377\004\037\004\076\004\064\004\101\004\070\004\101\004\102\004\065\004\074\004\060\000\040\004\074\004\076\004\075\004\070\004\102\004\076\004\100\004\070\004\075\004\063\004\060}{}% 308
\BOOKMARK [1][-]{section.115}{\376\377\000s\000u\000b\000s\000y\000\040\000o\000t\000o\000b\000r}{}% 309
\BOOKMARK [1][-]{section.116}{\376\377\004\037\004\076\004\064\004\101\004\070\004\101\004\102\004\065\004\074\004\060\000\040\004\076\004\102\004\076\004\061\004\100\004\060\004\066\004\065\004\075\004\070\004\117}{}% 310
\BOOKMARK [1][-]{section.117}{\376\377\000s\000u\000b\000s\000y\000\040\000p\000o\000i\000s\000k\000\040\000i\000\040\000a\000n\000a\000l\000i}{}% 311
\BOOKMARK [1][-]{section.118}{\376\377\004\037\004\076\004\064\004\101\004\070\004\101\004\102\004\065\004\074\004\060\000\040\004\077\004\076\004\070\004\101\004\072\004\060\000\040\004\070\000\040\004\060\004\075\004\060\004\073\004\070\004\102\004\070\004\072\004\070}{}% 312
\BOOKMARK [1][-]{section.119}{\376\377\000c\000t\000r\000l\000\040\000m\000o\000b\000i\000l\000\040\000u\000s\000t\000r\000o}{}% 313
\BOOKMARK [1][-]{section.120}{\376\377\004\043\004\077\004\100\004\060\004\062\004\073\004\065\004\075\004\070\004\065\000\040\004\074\004\076\004\061\004\070\004\073\004\114\004\075\004\113\004\074\004\070\000\040\004\103\004\101\004\102\004\100\004\076\004\071\004\101\004\102\004\062\004\060\004\074\004\070}{}% 314
\BOOKMARK [2][-]{subsection.120.1}{\376\377\004\043\004\077\004\100\004\060\004\062\004\073\004\065\004\075\004\070\004\065\000\040\004\077\004\060\004\072\004\065\004\102\004\075\004\076\004\071\000\040\004\061\004\060\004\067\004\076\004\071}{section.120}% 315
\BOOKMARK [2][-]{subsection.120.2}{\376\377\000:\000:\000a\000p\000p\000-\000c\000o\000l\000l\000a\000p\000s\000i\000b\000l\000e}{section.120}% 316
\BOOKMARK [2][-]{subsection.120.3}{\376\377\000l\000a\000b\000e\000l\000:\000\040\000`\000`\004\042\004\060\004\061\004\073\004\070\004\106\004\060\000\040\0004\000\040\000-\000\040\004\037\004\060\004\100\004\060\004\074\004\065\004\102\004\100\004\113\000\040\004\072\004\073\004\060\004\101\004\101\004\060\000'\000'}{section.120}% 317
\BOOKMARK [2][-]{subsection.120.4}{\376\377\004\035\004\060\004\101\004\102\004\100\004\076\004\071\004\072\004\060\000\040\004\070\004\075\004\102\004\065\004\100\004\062\004\060\004\073\004\060\000\040\004\101\004\070\004\075\004\105\004\100\004\076\004\075\004\070\004\067\004\060\004\106\004\070\004\070}{section.120}% 318
\BOOKMARK [2][-]{subsection.120.5}{\376\377\000:\000:\000a\000p\000p\000-\000c\000o\000l\000l\000a\000p\000s\000i\000b\000l\000e}{section.120}% 319
\BOOKMARK [2][-]{subsection.120.6}{\376\377\000l\000a\000b\000e\000l\000:\000\040\000`\000`\004\042\004\060\004\061\004\073\004\070\004\106\004\060\000\040\0005\000\040\000-\000\040\004\037\004\060\004\100\004\060\004\074\004\065\004\102\004\100\004\113\000\040\004\072\004\073\004\060\004\101\004\101\004\060\000'\000'}{section.120}% 320
\BOOKMARK [2][-]{subsection.120.7}{\376\377\004\043\004\077\004\100\004\060\004\062\004\073\004\065\004\075\004\070\004\065\000\040\004\061\004\073\004\076\004\072\004\070\004\100\004\076\004\062\004\072\004\076\004\071\000\040\004\072\004\060\004\074\004\065\004\100\004\113}{section.120}% 321
\BOOKMARK [2][-]{subsection.120.8}{\376\377\000:\000:\000a\000p\000p\000-\000c\000o\000l\000l\000a\000p\000s\000i\000b\000l\000e}{section.120}% 322
\BOOKMARK [2][-]{subsection.120.9}{\376\377\000l\000a\000b\000e\000l\000:\000\040\000`\000`\004\042\004\060\004\061\004\073\004\070\004\106\004\060\000\040\0006\000\040\000-\000\040\004\037\004\060\004\100\004\060\004\074\004\065\004\102\004\100\004\113\000\040\004\072\004\073\004\060\004\101\004\101\004\060\000'\000'}{section.120}% 323
\BOOKMARK [2][-]{subsection.120.10}{\376\377\004\043\004\077\004\100\004\060\004\062\004\073\004\065\004\075\004\070\004\065\000\040\004\037\004\030\004\035\000-\004\072\004\076\004\064\004\076\004\074}{section.120}% 324
\BOOKMARK [2][-]{subsection.120.11}{\376\377\000:\000:\000a\000p\000p\000-\000c\000o\000l\000l\000a\000p\000s\000i\000b\000l\000e}{section.120}% 325
\BOOKMARK [2][-]{subsection.120.12}{\376\377\000l\000a\000b\000e\000l\000:\000\040\000`\000`\004\042\004\060\004\061\004\073\004\070\004\106\004\060\000\040\0007\000\040\000-\000\040\004\037\004\060\004\100\004\060\004\074\004\065\004\102\004\100\004\113\000\040\004\072\004\073\004\060\004\101\004\101\004\060\000'\000'}{section.120}% 326
\BOOKMARK [2][-]{subsection.120.13}{\376\377\004\043\004\064\004\060\004\073\004\065\004\075\004\070\004\065\000\040\004\077\004\076\004\073\004\114\004\067\004\076\004\062\004\060\004\102\004\065\004\073\004\114\004\101\004\072\004\070\004\105\000\040\004\064\004\060\004\075\004\075\004\113\004\105}{section.120}% 327
\BOOKMARK [2][-]{subsection.120.14}{\376\377\000:\000:\000a\000p\000p\000-\000c\000o\000l\000l\000a\000p\000s\000i\000b\000l\000e}{section.120}% 328
\BOOKMARK [2][-]{subsection.120.15}{\376\377\000l\000a\000b\000e\000l\000:\000\040\000`\000`\004\042\004\060\004\061\004\073\004\070\004\106\004\060\000\040\0008\000\040\000-\000\040\004\037\004\060\004\100\004\060\004\074\004\065\004\102\004\100\004\113\000\040\004\072\004\073\004\060\004\101\004\101\004\060\000'\000'}{section.120}% 329
\BOOKMARK [2][-]{subsection.120.16}{\376\377\004\043\004\077\004\100\004\060\004\062\004\073\004\065\004\075\004\070\004\065\000\040\000G\000P\000S\000-\004\077\004\100\004\070\004\065\004\074\004\075\004\070\004\072\004\076\004\074}{section.120}% 330
\BOOKMARK [2][-]{subsection.120.17}{\376\377\000:\000:\000a\000p\000p\000-\000c\000o\000l\000l\000a\000p\000s\000i\000b\000l\000e}{section.120}% 331
\BOOKMARK [2][-]{subsection.120.18}{\376\377\000l\000a\000b\000e\000l\000:\000\040\000`\000`\004\042\004\060\004\061\004\073\004\070\004\106\004\060\000\040\0009\000\040\000-\000\040\004\037\004\060\004\100\004\060\004\074\004\065\004\102\004\100\004\113\000\040\004\072\004\073\004\060\004\101\004\101\004\060\000'\000'}{section.120}% 332
\BOOKMARK [2][-]{subsection.120.19}{\376\377\004\043\004\077\004\100\004\060\004\062\004\073\004\065\004\075\004\070\004\065\000\040\004\100\004\060\004\061\004\076\004\102\004\076\004\071\000\040\000G\000S\000M\000-\004\074\004\076\004\064\004\065\004\074\004\060}{section.120}% 333
\BOOKMARK [2][-]{subsection.120.20}{\376\377\000:\000:\000a\000p\000p\000-\000c\000o\000l\000l\000a\000p\000s\000i\000b\000l\000e}{section.120}% 334
\BOOKMARK [2][-]{subsection.120.21}{\376\377\000l\000a\000b\000e\000l\000:\000\040\000`\000`\004\042\004\060\004\061\004\073\004\070\004\106\004\060\000\040\0001\0000\000\040\000-\000\040\004\037\004\060\004\100\004\060\004\074\004\065\004\102\004\100\004\113\000\040\004\072\004\073\004\060\004\101\004\101\004\060\000'\000'}{section.120}% 335
\BOOKMARK [2][-]{subsection.120.22}{\376\377\004\037\004\076\004\073\004\103\004\107\004\065\004\075\004\070\004\065\000\040\004\070\004\075\004\104\004\076\004\100\004\074\004\060\004\106\004\070\004\070\000\040\004\076\000\040\004\102\004\065\004\072\004\103\004\111\004\065\004\074\000\040\004\101\004\076\004\101\004\102\004\076\004\117\004\075\004\070\004\070}{section.120}% 336
\BOOKMARK [2][-]{subsection.120.23}{\376\377\000:\000:\000a\000p\000p\000-\000c\000o\000l\000l\000a\000p\000s\000i\000b\000l\000e}{section.120}% 337
\BOOKMARK [2][-]{subsection.120.24}{\376\377\000l\000a\000b\000e\000l\000:\000\040\000`\000`\004\042\004\060\004\061\004\073\004\070\004\106\004\060\000\040\0001\0001\000\040\000-\000\040\004\037\004\060\004\100\004\060\004\074\004\065\004\102\004\100\004\113\000\040\004\104\004\060\004\072\004\102\004\076\004\062\000'\000'}{section.120}% 338
\BOOKMARK [1][-]{section.121}{\376\377\000r\000e\000z\000e\000r\000\040\000k\000o\000p\000i\000r\000\040\000i\000\040\000v\000o\000s\000s\000t}{}% 339
\BOOKMARK [1][-]{section.122}{\376\377\004\040\004\065\004\067\004\065\004\100\004\062\004\075\004\076\004\065\000\040\004\072\004\076\004\077\004\070\004\100\004\076\004\062\004\060\004\075\004\070\004\065\000\040\004\070\000\040\004\062\004\076\004\101\004\101\004\102\004\060\004\075\004\076\004\062\004\073\004\065\004\075\004\070\004\065\000\040\004\064\004\060\004\075\004\075\004\113\004\105}{}% 340
\BOOKMARK [2][-]{subsection.122.1}{\376\377\004\041\004\076\004\067\004\064\004\060\004\075\004\070\004\065\000\040\004\100\004\065\004\067\004\065\004\100\004\062\004\075\004\076\004\071\000\040\004\072\004\076\004\077\004\070\004\070\000\040\004\064\004\060\004\075\004\075\004\113\004\105}{section.122}% 341
\BOOKMARK [2][-]{subsection.122.2}{\376\377\004\022\004\076\004\101\004\101\004\102\004\060\004\075\004\076\004\062\004\073\004\065\004\075\004\070\004\065\000\040\004\064\004\060\004\075\004\075\004\113\004\105\000\040\004\070\004\067\000\040\004\100\004\065\004\067\004\065\004\100\004\062\004\075\004\076\004\071\000\040\004\072\004\076\004\077\004\070\004\070}{section.122}% 342
\BOOKMARK [1][-]{section.123}{\376\377\000t\000i\000p\000o\000v\000\040\000o\000s\000h\000i\000b\000\040\000i\000\040\000s\000p\000o\000s\000o}{}% 343
\BOOKMARK [1][-]{section.124}{\376\377\004\042\004\070\004\077\004\076\004\062\004\113\004\065\000\040\004\076\004\110\004\070\004\061\004\072\004\070\000\040\004\070\000\040\004\101\004\077\004\076\004\101\004\076\004\061\004\113\000\040\004\070\004\105\000\040\004\103\004\101\004\102\004\100\004\060\004\075\004\065\004\075\004\070\004\117}{}% 344
